Found Java version 1.8.0_121
Available memory: 6737 MB
Setting jvm heap size: -Xmx1684m
272 [main] INFO org.zaproxy.zap.DaemonBootstrap  - OWASP ZAP 2.6.0 started 08/05/17 21:30:48
312 [main] INFO org.parosproxy.paros.common.AbstractParam  - Setting config api.key = 12345 was null
314 [main] INFO org.parosproxy.paros.network.SSLConnector  - Reading supported SSL/TLS protocols...
314 [main] INFO org.parosproxy.paros.network.SSLConnector  - Using a SSLEngine...
442 [main] INFO org.parosproxy.paros.network.SSLConnector  - Done reading supported SSL/TLS protocols: [SSLv2Hello, SSLv3, TLSv1, TLSv1.1, TLSv1.2]
448 [main] INFO org.parosproxy.paros.extension.option.OptionsParamCertificate  - Unsafe SSL renegotiation disabled.
794 [main] INFO hsqldb.db..ENGINE  - open start - state not modified
980 [main] INFO hsqldb.db..ENGINE  - dataFileCache open start
1013 [main] INFO hsqldb.db..ENGINE  - dataFileCache open end
1125 [ZAP-daemon] INFO org.zaproxy.zap.control.ExtensionFactory  - Loading extensions
2733 [ZAP-daemon] INFO org.zaproxy.zap.control.ExtensionFactory  - Installed add-ons: [[id=help, fileVersion=7], [id=tips, fileVersion=6], [id=diff, fileVersion=7], [id=quickstart, fileVersion=19], [id=coreLang, fileVersion=11], [id=webdriverwindows, fileVersion=2], [id=jxbrowserwindows, fileVersion=1], [id=onlineMenu, fileVersion=5], [id=jxbrowser, fileVersion=2], [id=scripts, fileVersion=18], [id=zest, fileVersion=23], [id=webdriverlinux, fileVersion=2], [id=websocket, fileVersion=12], [id=ascanrules, fileVersion=26], [id=selenium, fileVersion=10, version=1.1.0], [id=directorylistv1, fileVersion=3], [id=spiderAjax, fileVersion=17], [id=invoke, fileVersion=6], [id=saverawmessage, fileVersion=3], [id=jxbrowserlinux32, fileVersion=1], [id=fuzz, fileVersion=8, version=2.0.1], [id=reveal, fileVersion=2], [id=bruteforce, fileVersion=6], [id=alertFilters, fileVersion=4], [id=pscanrules, fileVersion=19], [id=gettingStarted, fileVersion=6], [id=jxbrowsermacos, fileVersion=1], [id=replacer, fileVersion=2], [id=webdrivermacos, fileVersion=2], [id=jxbrowserlinux64, fileVersion=1]]
3117 [ZAP-daemon] INFO org.zaproxy.zap.control.ExtensionFactory  - Extensions loaded
3382 [ZAP-daemon] INFO org.parosproxy.paros.extension.filter.FilterFactory  - loaded filter Change user agent to other browsers. 
3382 [ZAP-daemon] INFO org.parosproxy.paros.extension.filter.FilterFactory  - loaded filter Detect insecure or potentially malicious content in HTTP responses.
3382 [ZAP-daemon] INFO org.parosproxy.paros.extension.filter.FilterFactory  - loaded filter Detect and alert 'Set-cookie' attempt in HTTP response for modification.
3382 [ZAP-daemon] INFO org.parosproxy.paros.extension.filter.FilterFactory  - loaded filter Avoid browser cache (strip off IfModifiedSince)
3382 [ZAP-daemon] INFO org.parosproxy.paros.extension.filter.FilterFactory  - loaded filter Log cookies sent by browser.
3390 [ZAP-daemon] INFO org.parosproxy.paros.extension.filter.FilterFactory  - loaded filter Log unique GET queries into file:filter/get.xls
3391 [ZAP-daemon] INFO org.parosproxy.paros.extension.filter.FilterFactory  - loaded filter Log unique POST queries into file:  filter/post.xls
3391 [ZAP-daemon] INFO org.parosproxy.paros.extension.filter.FilterFactory  - loaded filter Log request and response into file: filter/message.txt
3391 [ZAP-daemon] INFO org.parosproxy.paros.extension.filter.FilterFactory  - loaded filter Replace HTTP request body using defined pattern.
3391 [ZAP-daemon] INFO org.parosproxy.paros.extension.filter.FilterFactory  - loaded filter Replace HTTP request header using defined pattern.
3391 [ZAP-daemon] INFO org.parosproxy.paros.extension.filter.FilterFactory  - loaded filter Replace HTTP response body using defined pattern.
3391 [ZAP-daemon] INFO org.parosproxy.paros.extension.filter.FilterFactory  - loaded filter Replace HTTP response header using defined pattern.
3391 [ZAP-daemon] INFO org.parosproxy.paros.extension.filter.FilterFactory  - loaded filter Send ZAP session request ID
3574 [ZAP-daemon] INFO org.parosproxy.paros.extension.ExtensionLoader  - Initializing Allows ZAP to check for updates
3579 [ZAP-daemon] INFO org.parosproxy.paros.extension.ExtensionLoader  - Initializing ExtensionViewOption
3579 [ZAP-daemon] INFO org.parosproxy.paros.extension.ExtensionLoader  - Initializing ExtensionEdit
3579 [ZAP-daemon] INFO org.parosproxy.paros.extension.ExtensionLoader  - Initializing ExtensionFilter
3580 [ZAP-daemon] INFO org.parosproxy.paros.extension.ExtensionLoader  - Initializing Provides a rest based API for controlling and accessing ZAP
3652 [ZAP-daemon] INFO org.parosproxy.paros.extension.ExtensionLoader  - Initializing ExtensionState
3652 [ZAP-daemon] INFO org.parosproxy.paros.extension.ExtensionLoader  - Initializing ExtensionReport
3653 [ZAP-daemon] INFO org.parosproxy.paros.extension.ExtensionLoader  - Initializing ExtensionHistory
3653 [ZAP-daemon] INFO org.parosproxy.paros.extension.ExtensionLoader  - Initializing Show hidden fields and enable disabled fields
3654 [ZAP-daemon] INFO org.parosproxy.paros.extension.ExtensionLoader  - Initializing Search messages for strings and regular expressions 
3654 [ZAP-daemon] INFO org.parosproxy.paros.extension.ExtensionLoader  - Initializing Encode/Decode/Hash...
3654 [ZAP-daemon] INFO org.parosproxy.paros.extension.ExtensionLoader  - Initializing Allows you to intercept and modify requests and responses
3661 [ZAP-daemon] INFO org.parosproxy.paros.extension.ExtensionLoader  - Initializing Passive scanner
3720 [ZAP-daemon] INFO org.zaproxy.zap.extension.pscan.ExtensionPassiveScan  - loaded passive scan rule: Script Passive Scan Rules
3720 [ZAP-daemon] INFO org.zaproxy.zap.extension.pscan.ExtensionPassiveScan  - loaded passive scan rule: Stats Passive Scan Rule
3720 [ZAP-daemon] INFO org.zaproxy.zap.extension.pscan.ExtensionPassiveScan  - loaded passive scan rule: Application Error Disclosure
3721 [ZAP-daemon] INFO org.zaproxy.zap.extension.pscan.ExtensionPassiveScan  - loaded passive scan rule: Incomplete or No Cache-control and Pragma HTTP Header Set
3721 [ZAP-daemon] INFO org.zaproxy.zap.extension.pscan.ExtensionPassiveScan  - loaded passive scan rule: Content-Type Header Missing
3721 [ZAP-daemon] INFO org.zaproxy.zap.extension.pscan.ExtensionPassiveScan  - loaded passive scan rule: Cookie No HttpOnly Flag
3721 [ZAP-daemon] INFO org.zaproxy.zap.extension.pscan.ExtensionPassiveScan  - loaded passive scan rule: Cookie Without Secure Flag
3721 [ZAP-daemon] INFO org.zaproxy.zap.extension.pscan.ExtensionPassiveScan  - loaded passive scan rule: Cross-Domain JavaScript Source File Inclusion
3721 [ZAP-daemon] INFO org.zaproxy.zap.extension.pscan.ExtensionPassiveScan  - loaded passive scan rule: Web Browser XSS Protection Not Enabled
3721 [ZAP-daemon] INFO org.zaproxy.zap.extension.pscan.ExtensionPassiveScan  - loaded passive scan rule: Secure Pages Include Mixed Content
3721 [ZAP-daemon] INFO org.zaproxy.zap.extension.pscan.ExtensionPassiveScan  - loaded passive scan rule: Password Autocomplete in Browser
3721 [ZAP-daemon] INFO org.zaproxy.zap.extension.pscan.ExtensionPassiveScan  - loaded passive scan rule: Private IP Disclosure
3721 [ZAP-daemon] INFO org.zaproxy.zap.extension.pscan.ExtensionPassiveScan  - loaded passive scan rule: Session ID in URL Rewrite
3731 [ZAP-daemon] INFO org.zaproxy.zap.extension.pscan.ExtensionPassiveScan  - loaded passive scan rule: X-Content-Type-Options Header Missing
3731 [ZAP-daemon] INFO org.zaproxy.zap.extension.pscan.ExtensionPassiveScan  - loaded passive scan rule: X-Frame-Options Header Scanner
3740 [ZAP-daemon] INFO org.parosproxy.paros.extension.ExtensionLoader  - Initializing Allows you to view and manage alerts
3740 [ZAP-daemon] INFO org.parosproxy.paros.extension.ExtensionLoader  - Initializing Active scanner, heavily based on the original Paros active scanner, but with additional tests added
3752 [ZAP-daemon] INFO org.parosproxy.paros.extension.ExtensionLoader  - Initializing Spider used for automatically finding URIs on a site
3762 [ZAP-daemon] INFO org.parosproxy.paros.extension.ExtensionLoader  - Initializing A set of common popup menus for miscellaneous tasks
3763 [ZAP-daemon] INFO org.parosproxy.paros.extension.ExtensionLoader  - Initializing Forced browsing of files and directories using code from the OWASP DirBuster tool
3763 [ZAP-daemon] INFO org.parosproxy.paros.extension.ExtensionLoader  - Initializing ExtensionManualRequest
3763 [ZAP-daemon] INFO org.parosproxy.paros.extension.ExtensionLoader  - Initializing Compares 2 sessions and generates an HTML file showing the differences
3764 [ZAP-daemon] INFO org.parosproxy.paros.extension.ExtensionLoader  - Initializing Invoke external applications passing context related information such as URLs and parameters
3764 [ZAP-daemon] INFO org.parosproxy.paros.extension.ExtensionLoader  - Initializing Handles anti cross site request forgery (CSRF) tokens
3765 [ZAP-daemon] INFO org.parosproxy.paros.extension.ExtensionLoader  - Initializing ExtensionAuthentication
3788 [ZAP-daemon] INFO org.zaproxy.zap.extension.authentication.ExtensionAuthentication  - Loaded authentication method types: [Form-based Authentication, HTTP/NTLM Authentication, Manual Authentication, Script-based Authentication]
3788 [ZAP-daemon] INFO org.parosproxy.paros.extension.ExtensionLoader  - Initializing Creates a dynamic SSL certificate to allow SSL communications to be intercepted without warnings being generated by the browser
3789 [ZAP-daemon] INFO org.parosproxy.paros.extension.ExtensionLoader  - Initializing Logs errors to the Output tab in development mode only
3789 [ZAP-daemon] INFO org.parosproxy.paros.extension.ExtensionLoader  - Initializing ExtensionUserManagement
3790 [ZAP-daemon] INFO org.parosproxy.paros.extension.ExtensionLoader  - Initializing Summarise and analyse FORM and URL parameters as well as cookies
3790 [ZAP-daemon] INFO org.parosproxy.paros.extension.ExtensionLoader  - Initializing Script integration
3808 [ZAP-daemon] INFO org.parosproxy.paros.extension.ExtensionLoader  - Initializing Scripting console, supports all JSR 223 scripting languages
3808 [ZAP-daemon] INFO org.parosproxy.paros.extension.ExtensionLoader  - Initializing ExtensionForcedUser
3809 [ZAP-daemon] INFO org.parosproxy.paros.extension.ExtensionLoader  - Initializing Extension handling HTTP sessions
3811 [ZAP-daemon] INFO org.parosproxy.paros.extension.ExtensionLoader  - Initializing Zest is a specialized scripting language from Mozilla specifically designed to be used in security tools
4148 [ZAP-daemon] INFO org.parosproxy.paros.extension.ExtensionLoader  - Initializing ExtensionDiff
4148 [ZAP-daemon] INFO org.parosproxy.paros.extension.ExtensionLoader  - Initializing ExtensionRequestPostTableView
4148 [ZAP-daemon] INFO org.parosproxy.paros.extension.ExtensionLoader  - Initializing ExtensionSessionManagement
4149 [ZAP-daemon] INFO org.zaproxy.zap.extension.sessions.ExtensionSessionManagement  - Loaded session management method types: [Cookie-based Session Management, HTTP Authentication Session Management]
4149 [ZAP-daemon] INFO org.parosproxy.paros.extension.ExtensionLoader  - Initializing ExtensionHttpPanelRequestFormTableView
4149 [ZAP-daemon] INFO org.parosproxy.paros.extension.ExtensionLoader  - Initializing Capture messages from WebSockets with the ability to set breakpoints.
4153 [ZAP-daemon] INFO org.parosproxy.paros.extension.ExtensionLoader  - Initializing Core UI related functionality.
4153 [ZAP-daemon] INFO org.parosproxy.paros.extension.ExtensionLoader  - Initializing ExtensionAuthorization
4154 [ZAP-daemon] INFO org.parosproxy.paros.extension.ExtensionLoader  - Initializing AJAX Spider, uses Crawljax
4154 [ZAP-daemon] INFO org.parosproxy.paros.extension.ExtensionLoader  - Initializing Handles adding Global Excluded URLs
4154 [ZAP-daemon] INFO org.parosproxy.paros.extension.ExtensionLoader  - Initializing Adds menu item to refresh the Sites tree
4154 [ZAP-daemon] INFO org.parosproxy.paros.extension.ExtensionLoader  - Initializing Adds support for configurable keyboard shortcuts for all of the ZAP menus.
4154 [ZAP-daemon] INFO org.parosproxy.paros.extension.ExtensionLoader  - Initializing OWASP ZAP User Guide
4154 [ZAP-daemon] INFO org.parosproxy.paros.extension.ExtensionLoader  - Initializing Provides a URL suitable for calling from target sites
4155 [ZAP-daemon] INFO org.parosproxy.paros.extension.ExtensionLoader  - Initializing Allows you to configure which extensions are loaded when ZAP starts 
4155 [ZAP-daemon] INFO org.parosproxy.paros.extension.ExtensionLoader  - Initializing ExtensionHttpPanelComponentonentAll
4156 [ZAP-daemon] INFO org.parosproxy.paros.extension.ExtensionLoader  - Initializing ExtensionHttpPanelHexView
4156 [ZAP-daemon] INFO org.parosproxy.paros.extension.ExtensionLoader  - Initializing ExtensionHttpPanelImageView
4156 [ZAP-daemon] INFO org.parosproxy.paros.extension.ExtensionLoader  - Initializing ExtensionHttpPanelLargeRequestView
4156 [ZAP-daemon] INFO org.parosproxy.paros.extension.ExtensionLoader  - Initializing ExtensionHttpPanelLargeResponseView
4156 [ZAP-daemon] INFO org.parosproxy.paros.extension.ExtensionLoader  - Initializing ExtensionHttpPanelRequestQueryCookieTableView
4156 [ZAP-daemon] INFO org.parosproxy.paros.extension.ExtensionLoader  - Initializing ExtensionHttpPanelSyntaxHighlightTextView
4156 [ZAP-daemon] INFO org.parosproxy.paros.extension.ExtensionLoader  - Initializing Active and passive rule configuration
4157 [ZAP-daemon] INFO org.parosproxy.paros.extension.ExtensionLoader  - Initializing Statistics
4158 [ZAP-daemon] INFO org.zaproxy.zap.extension.stats.ExtensionStats  - Start recording in memory stats
4159 [ZAP-daemon] INFO org.parosproxy.paros.extension.ExtensionLoader  - Initializing Tips and Tricks
4159 [ZAP-daemon] INFO org.parosproxy.paros.extension.ExtensionLoader  - Initializing Quick Start panel 
4159 [ZAP-daemon] INFO org.parosproxy.paros.extension.ExtensionLoader  - Initializing Translations of the core language files
4159 [ZAP-daemon] INFO org.parosproxy.paros.extension.ExtensionLoader  - Initializing ExtensionJxBrowserWindows
4159 [ZAP-daemon] INFO org.parosproxy.paros.extension.ExtensionLoader  - Initializing ExtSelJxBrowserWindows
4159 [ZAP-daemon] INFO org.parosproxy.paros.extension.ExtensionLoader  - Initializing The Online menu links
4159 [ZAP-daemon] INFO org.parosproxy.paros.extension.ExtensionLoader  - Initializing ExtensionJxBrowser
4159 [ZAP-daemon] INFO org.parosproxy.paros.extension.ExtensionLoader  - Initializing Allows to fuzz WebSocket messages.
4159 [ZAP-daemon] INFO org.parosproxy.paros.extension.ExtensionLoader  - Initializing Active Scan Rules
4160 [ZAP-daemon] INFO org.parosproxy.paros.extension.ExtensionLoader  - Initializing Provides WebDrivers to control several browsers using Selenium and includes HtmlUnit browser.
4162 [ZAP-daemon] INFO org.parosproxy.paros.extension.ExtensionLoader  - Initializing ExtensionSaveRawHttpMessage
4162 [ZAP-daemon] INFO org.parosproxy.paros.extension.ExtensionLoader  - Initializing ExtensionJxBrowserLinux32
4162 [ZAP-daemon] INFO org.parosproxy.paros.extension.ExtensionLoader  - Initializing ExtSelJxBrowserLinux32
4163 [ZAP-daemon] INFO org.parosproxy.paros.extension.ExtensionLoader  - Initializing Provides the foundation for concrete message types (for example, HTTP, WebSockets) expose fuzzer implementations.
4165 [ZAP-daemon] INFO org.parosproxy.paros.extension.ExtensionLoader  - Initializing Allows to fuzz HTTP messages.
4165 [ZAP-daemon] INFO org.parosproxy.paros.extension.ExtensionLoader  - Initializing Context alert rules filter
4165 [ZAP-daemon] INFO org.parosproxy.paros.extension.ExtensionLoader  - Initializing Passive Scan Rules
4165 [ZAP-daemon] INFO org.parosproxy.paros.extension.ExtensionLoader  - Initializing The ZAP Getting Started Guide
4166 [ZAP-daemon] INFO org.parosproxy.paros.extension.ExtensionLoader  - Initializing ExtensionJxBrowserMaxOS
4166 [ZAP-daemon] INFO org.parosproxy.paros.extension.ExtensionLoader  - Initializing ExtSelJxBrowserMacOs
4166 [ZAP-daemon] INFO org.parosproxy.paros.extension.ExtensionLoader  - Initializing Easy way to replace strings in requests and responses
4167 [ZAP-daemon] INFO org.parosproxy.paros.extension.ExtensionLoader  - Initializing ExtensionJxBrowserLinux64
4167 [ZAP-daemon] INFO org.parosproxy.paros.extension.ExtensionLoader  - Initializing ExtSelJxBrowserLinux64
4321 [ZAP-daemon] INFO org.zaproxy.zap.extension.callback.ExtensionCallback  - Started callback server on 0.0.0.0:44021
4321 [ZAP-daemon] INFO org.zaproxy.zap.extension.dynssl.ExtensionDynSSL  - Creating new root CA certificate
5062 [ZAP-daemon] INFO org.zaproxy.zap.extension.dynssl.ExtensionDynSSL  - New root CA certificate created
5071 [ZAP-daemon] INFO org.zaproxy.zap.DaemonBootstrap  - ZAP is now listening on localhost:8090
11706 [ZAP-SpiderInitThread-0] INFO org.zaproxy.zap.extension.spider.SpiderThread  - Starting spidering scan on http://127.0.0../app/index.php at Mon May 08 21:30:59 BST 2017
11708 [ZAP-SpiderInitThread-0] INFO org.zaproxy.zap.spider.Spider  - Spider initializing...
11728 [ZAP-SpiderInitThread-0] INFO org.zaproxy.zap.spider.Spider  - Starting spider...
11838 [ZAP-SpiderThreadPool-0-thread-2] INFO org.zaproxy.zap.spider.Spider  - Spidering process is complete. Shutting down...
11842 [ZAP-SpiderShutdownThread-0] INFO org.zaproxy.zap.extension.spider.SpiderThread  - Spider scanning complete: true
